Wed Oct 19 02:18:02 EDT 2011 Restarted ReadTEDNative
Wed Oct 19 02:18:02 EDT 2011 Restarted ReadTEDNative
Wed Oct 19 02:18:02 EDT 2011 Restarted ReadTEDNative
Wed Oct 19 02:18:31 EDT 2011 Restarted ReadTEDNative
Wed Oct 19 02:18:31 EDT 2011 Restarted ReadTEDNative
Wed Oct 19 02:18:31 EDT 2011 Restarted ReadTEDNative
Wed Oct 19 02:19:00 EDT 2011 Restarted ReadTEDNative
Wed Oct 19 02:25:03 EDT 2011 Restarted ReadTEDNative
Wed Oct 19 02:27:16 EDT 2011 Restarted ReadTEDNative
Wed Oct 19 02:43:22 EDT 2011 Restarted ReadTEDNative
Wed Oct 19 02:43:22 EDT 2011 Restarted ReadTEDNative
Wed Oct 19 02:43:22 EDT 2011 Restarted ReadTEDNative
Wed Oct 19 02:45:37 EDT 2011 Restarted ReadTEDNative
Wed Oct 19 02:46:18 EDT 2011 Restarted ReadTEDNative
Wed Oct 19 02:46:48 EDT 2011 Restarted ReadTEDNative
Wed Oct 19 02:48:20 EDT 2011 Restarted ReadTEDNative
Wed Oct 19 02:49:27 EDT 2011 Restarted ReadTEDNative
Wed Oct 19 02:50:00 EDT 2011 Restarted ReadTEDNative
Wed Oct 19 02:50:33 EDT 2011 Restarted ReadTEDNative
Wed Oct 19 02:54:25 EDT 2011 Restarted ReadTEDNative
Wed Oct 19 03:15:28 EDT 2011 Restarted ReadTEDNative
Wed Oct 26 15:26:56 EDT 2011 Restarted ReadTEDNative
Wed Nov 30 10:28:53 EST 2011 Restarted ReadTEDNative
Wed Nov 30 10:29:26 EST 2011 Restarted ReadTEDNative
Wed Nov 30 10:29:59 EST 2011 Restarted ReadTEDNative
Wed Nov 30 10:30:32 EST 2011 Restarted ReadTEDNative
Wed Nov 30 10:31:05 EST 2011 Restarted ReadTEDNative
Wed Nov 30 10:31:38 EST 2011 Restarted ReadTEDNative
Wed Nov 30 10:32:11 EST 2011 Restarted ReadTEDNative
Wed Nov 30 10:32:44 EST 2011 Restarted ReadTEDNative
Wed Nov 30 10:33:18 EST 2011 Restarted ReadTEDNative
Wed Nov 30 10:33:51 EST 2011 Restarted ReadTEDNative
Wed Nov 30 10:34:24 EST 2011 Restarted ReadTEDNative
Wed Nov 30 10:34:57 EST 2011 Restarted ReadTEDNative
Wed Nov 30 10:35:30 EST 2011 Restarted ReadTEDNative
Wed Nov 30 10:36:03 EST 2011 Restarted ReadTEDNative
Wed Nov 30 10:36:36 EST 2011 Restarted ReadTEDNative
Wed Nov 30 10:37:09 EST 2011 Restarted ReadTEDNative
Wed Nov 30 10:37:42 EST 2011 Restarted ReadTEDNative
Wed Nov 30 10:38:15 EST 2011 Restarted ReadTEDNative
Wed Nov 30 10:38:48 EST 2011 Restarted ReadTEDNative
Wed Nov 30 10:39:21 EST 2011 Restarted ReadTEDNative
Wed Nov 30 10:39:54 EST 2011 Restarted ReadTEDNative
Wed Nov 30 10:40:27 EST 2011 Restarted ReadTEDNative
Wed Nov 30 10:41:00 EST 2011 Restarted ReadTEDNative
Thu Dec 15 05:36:40 EST 2011 Restarted ReadTEDNative
Thu Dec 15 13:01:00 EST 2011 Restarted ReadTEDNative
Wed Dec 21 23:57:28 EST 2011 Restarted ReadTEDNative
Mon Dec 26 00:17:58 EST 2011 Restarted ReadTEDNative
Mon Dec 26 00:18:14 EST 2011 Restarted ReadTEDNative
Tue Jan 17 23:48:45 EST 2012 Restarted ReadTEDNative
Wed Jan 18 01:16:07 EST 2012 Restarted ReadTEDNative
Tue Jan 24 01:42:37 EST 2012 Restarted ReadTEDNative
Mon Feb 20 15:00:58 EST 2012 Restarted ReadTEDNative
Mon Feb 20 15:01:12 EST 2012 Restarted ReadTEDNative
Tue May 8 10:08:04 EDT 2012 Restarted ReadTEDNative
Tue May 8 10:08:37 EDT 2012 Restarted ReadTEDNative
Tue May 8 10:09:10 EDT 2012 Restarted ReadTEDNative
Tue May 8 10:09:43 EDT 2012 Restarted ReadTEDNative
Tue May 8 10:10:16 EDT 2012 Restarted ReadTEDNative
Tue May 8 10:10:49 EDT 2012 Restarted ReadTEDNative
Tue May 8 10:11:22 EDT 2012 Restarted ReadTEDNative
Tue May 8 10:11:55 EDT 2012 Restarted ReadTEDNative
Tue May 8 10:12:28 EDT 2012 Restarted ReadTEDNative
Tue May 8 10:13:01 EDT 2012 Restarted ReadTEDNative
Tue May 8 10:13:34 EDT 2012 Restarted ReadTEDNative
Tue May 8 10:14:08 EDT 2012 Restarted ReadTEDNative
Tue May 8 10:14:41 EDT 2012 Restarted ReadTEDNative
Tue May 8 10:15:14 EDT 2012 Restarted ReadTEDNative
Tue May 8 10:15:47 EDT 2012 Restarted ReadTEDNative
Tue May 8 10:16:20 EDT 2012 Restarted ReadTEDNative
Tue May 8 10:16:53 EDT 2012 Restarted ReadTEDNative
Tue May 8 10:17:26 EDT 2012 Restarted ReadTEDNative
Tue May 8 10:17:59 EDT 2012 Restarted ReadTEDNative
Tue May 8 10:18:32 EDT 2012 Restarted ReadTEDNative
Tue May 8 10:19:05 EDT 2012 Restarted ReadTEDNative
Tue May 8 10:19:38 EDT 2012 Restarted ReadTEDNative
Sat Jun 2 02:52:50 EDT 2012 Restarted ReadTEDNative
Sat Jun 2 02:53:23 EDT 2012 Restarted ReadTEDNative
Sat Jun 2 02:53:56 EDT 2012 Restarted ReadTEDNative
Sat Jun 2 02:54:29 EDT 2012 Restarted ReadTEDNative
Sat Jun 2 02:55:02 EDT 2012 Restarted ReadTEDNative
Sat Jun 2 02:55:35 EDT 2012 Restarted ReadTEDNative
Sat Jun 2 02:56:08 EDT 2012 Restarted ReadTEDNative
Sat Jun 2 02:56:41 EDT 2012 Restarted ReadTEDNative
Sat Jun 2 02:57:14 EDT 2012 Restarted ReadTEDNative
Sat Jun 2 02:57:47 EDT 2012 Restarted ReadTEDNative
Sat Jun 2 02:58:21 EDT 2012 Restarted ReadTEDNative
Sat Jun 2 02:58:54 EDT 2012 Restarted ReadTEDNative
Sat Jun 2 02:59:27 EDT 2012 Restarted ReadTEDNative
Sat Jun 2 03:00:00 EDT 2012 Restarted ReadTEDNative
Sat Jun 2 03:00:33 EDT 2012 Restarted ReadTEDNative
Sat Jun 2 03:01:06 EDT 2012 Restarted ReadTEDNative
Sat Jun 2 03:01:39 EDT 2012 Restarted ReadTEDNative
Sat Jun 2 03:02:12 EDT 2012 Restarted ReadTEDNative
Sat Jun 2 03:02:45 EDT 2012 Restarted ReadTEDNative
Sat Jun 2 03:03:18 EDT 2012 Restarted ReadTEDNative
Sat Jun 2 03:03:51 EDT 2012 Restarted ReadTEDNative
Sat Jun 2 03:04:24 EDT 2012 Restarted ReadTEDNative
Sat Jun 2 03:04:57 EDT 2012 Restarted ReadTEDNative
Sat Jun 2 03:05:30 EDT 2012 Restarted ReadTEDNative
Sat Jun 2 03:06:03 EDT 2012 Restarted ReadTEDNative
Sat Jun 2 03:06:36 EDT 2012 Restarted ReadTEDNative
Fri Jun 8 02:27:33 EDT 2012 Restarted ReadTEDNative
Fri Jun 8 02:27:36 EDT 2012 Restarted ReadTEDNative
Fri Jun 8 02:27:39 EDT 2012 Restarted ReadTEDNative
Fri Jun 8 02:27:42 EDT 2012 Restarted ReadTEDNative
Fri Jun 8 02:27:45 EDT 2012 Restarted ReadTEDNative
Fri Jun 8 02:28:34 EDT 2012 Restarted ReadTEDNative
Fri Jun 8 02:31:19 EDT 2012 Restarted ReadTEDNative
Fri Jun 8 02:31:22 EDT 2012 Restarted ReadTEDNative
Fri Jun 8 02:31:25 EDT 2012 Restarted ReadTEDNative
Fri Jun 8 02:31:28 EDT 2012 Restarted ReadTEDNative
Fri Jun 8 02:32:21 EDT 2012 Restarted ReadTEDNative
Fri Jun 8 02:38:06 EDT 2012 Restarted ReadTEDNative
Thu Jun 21 20:48:04 EDT 2012 Restarted ReadTEDNative
Sat Jun 23 01:26:58 EDT 2012 Restarted ReadTEDNative
Sat Jun 23 01:27:31 EDT 2012 Restarted ReadTEDNative
Sat Jun 23 01:28:04 EDT 2012 Restarted ReadTEDNative
Sat Jun 23 01:28:37 EDT 2012 Restarted ReadTEDNative
Sat Jun 23 01:29:10 EDT 2012 Restarted ReadTEDNative
Sat Jun 23 01:29:43 EDT 2012 Restarted ReadTEDNative
Sat Jun 23 02:23:37 EDT 2012 Restarted ReadTEDNative
Mon Jul 2 11:46:02 EDT 2012 Restarted ReadTEDNative
Mon Jul 2 11:46:35 EDT 2012 Restarted ReadTEDNative
Mon Jul 2 11:47:08 EDT 2012 Restarted ReadTEDNative
Mon Jul 2 11:47:41 EDT 2012 Restarted ReadTEDNative
Mon Jul 2 11:48:14 EDT 2012 Restarted ReadTEDNative
Mon Jul 2 11:48:47 EDT 2012 Restarted ReadTEDNative
Mon Jul 2 11:49:20 EDT 2012 Restarted ReadTEDNative
Mon Jul 2 11:49:53 EDT 2012 Restarted ReadTEDNative
Mon Jul 2 11:50:26 EDT 2012 Restarted ReadTEDNative
Mon Jul 2 11:50:59 EDT 2012 Restarted ReadTEDNative
Mon Jul 2 11:51:32 EDT 2012 Restarted ReadTEDNative
Mon Jul 2 11:52:05 EDT 2012 Restarted ReadTEDNative
Mon Jul 2 11:52:39 EDT 2012 Restarted ReadTEDNative
Mon Jul 2 11:53:12 EDT 2012 Restarted ReadTEDNative
Mon Jul 2 11:53:45 EDT 2012 Restarted ReadTEDNative
Mon Jul 2 11:54:18 EDT 2012 Restarted ReadTEDNative
Mon Jul 2 11:54:51 EDT 2012 Restarted ReadTEDNative
Mon Jul 2 11:55:24 EDT 2012 Restarted ReadTEDNative
Mon Jul 2 11:55:57 EDT 2012 Restarted ReadTEDNative
Mon Jul 2 12:23:22 EDT 2012 Restarted ReadTEDNative
Mon Jul 2 12:24:15 EDT 2012 Restarted ReadTEDNative
Mon Jul 2 12:24:18 EDT 2012 Restarted ReadTEDNative
Mon Jul 2 12:24:21 EDT 2012 Restarted ReadTEDNative
Mon Jul 2 12:24:24 EDT 2012 Restarted ReadTEDNative
Mon Jul 2 12:24:27 EDT 2012 Restarted ReadTEDNative
Mon Jul 2 12:24:30 EDT 2012 Restarted ReadTEDNative
Mon Jul 2 12:24:33 EDT 2012 Restarted ReadTEDNative
Mon Jul 2 12:24:36 EDT 2012 Restarted ReadTEDNative
Mon Jul 2 12:24:39 EDT 2012 Restarted ReadTEDNative
Mon Jul 2 12:24:42 EDT 2012 Restarted ReadTEDNative
Mon Jul 2 12:24:45 EDT 2012 Restarted ReadTEDNative
Mon Jul 2 12:24:48 EDT 2012 Restarted ReadTEDNative
Mon Jul 2 12:24:51 EDT 2012 Restarted ReadTEDNative
Mon Jul 2 12:24:54 EDT 2012 Restarted ReadTEDNative
Mon Jul 2 12:24:57 EDT 2012 Restarted ReadTEDNative
Mon Jul 2 12:25:00 EDT 2012 Restarted ReadTEDNative
Mon Jul 2 12:25:03 EDT 2012 Restarted ReadTEDNative
Mon Jul 2 12:25:07 EDT 2012 Restarted ReadTEDNative
Mon Jul 2 12:25:10 EDT 2012 Restarted ReadTEDNative
Mon Jul 2 12:25:13 EDT 2012 Restarted ReadTEDNative
Mon Jul 2 12:25:16 EDT 2012 Restarted ReadTEDNative
Mon Jul 2 12:25:19 EDT 2012 Restarted ReadTEDNative
Mon Jul 2 12:25:22 EDT 2012 Restarted ReadTEDNative
Mon Jul 2 12:25:25 EDT 2012 Restarted ReadTEDNative
Mon Jul 2 12:25:28 EDT 2012 Restarted ReadTEDNative
Mon Jul 2 12:25:31 EDT 2012 Restarted ReadTEDNative
Mon Jul 2 12:25:34 EDT 2012 Restarted ReadTEDNative
Mon Jul 2 12:25:37 EDT 2012 Restarted ReadTEDNative
Mon Jul 2 12:25:40 EDT 2012 Restarted ReadTEDNative
Mon Jul 2 12:25:43 EDT 2012 Restarted ReadTEDNative
Mon Jul 2 12:25:46 EDT 2012 Restarted ReadTEDNative
Mon Jul 2 12:25:49 EDT 2012 Restarted ReadTEDNative
Mon Jul 2 12:25:52 EDT 2012 Restarted ReadTEDNative
Mon Jul 2 12:25:55 EDT 2012 Restarted ReadTEDNative
Mon Jul 2 12:25:58 EDT 2012 Restarted ReadTEDNative
Mon Jul 2 12:26:01 EDT 2012 Restarted ReadTEDNative
Mon Jul 2 12:26:04 EDT 2012 Restarted ReadTEDNative
Mon Jul 2 12:26:08 EDT 2012 Restarted ReadTEDNative
Mon Jul 2 12:34:38 EDT 2012 Restarted ReadTEDNative
Sat Jul 14 17:22:35 EDT 2012 Restarted ReadTEDNative
Sat Jul 14 17:23:08 EDT 2012 Restarted ReadTEDNative
Sat Jul 14 17:23:41 EDT 2012 Restarted ReadTEDNative
Sat Jul 14 17:24:14 EDT 2012 Restarted ReadTEDNative
Sat Jul 14 17:24:47 EDT 2012 Restarted ReadTEDNative
Sat Jul 14 17:25:20 EDT 2012 Restarted ReadTEDNative
Sat Jul 14 17:25:53 EDT 2012 Restarted ReadTEDNative
Sat Jul 14 17:26:26 EDT 2012 Restarted ReadTEDNative
Sat Jul 14 17:26:59 EDT 2012 Restarted ReadTEDNative
Sat Jul 14 17:27:32 EDT 2012 Restarted ReadTEDNative
Sat Jul 14 17:28:05 EDT 2012 Restarted ReadTEDNative
Sat Jul 14 17:28:38 EDT 2012 Restarted ReadTEDNative
Sat Jul 14 17:29:12 EDT 2012 Restarted ReadTEDNative
Sat Jul 14 17:29:45 EDT 2012 Restarted ReadTEDNative
Sat Jul 14 17:30:18 EDT 2012 Restarted ReadTEDNative
Sat Jul 14 17:30:51 EDT 2012 Restarted ReadTEDNative
Sat Jul 14 17:31:24 EDT 2012 Restarted ReadTEDNative
Sat Jul 14 17:31:57 EDT 2012 Restarted ReadTEDNative
Sat Jul 14 17:32:30 EDT 2012 Restarted ReadTEDNative
Sat Jul 14 17:33:03 EDT 2012 Restarted ReadTEDNative
Sat Jul 14 17:33:36 EDT 2012 Restarted ReadTEDNative
Sat Jul 14 17:34:09 EDT 2012 Restarted ReadTEDNative
Sat Jul 14 17:34:42 EDT 2012 Restarted ReadTEDNative
Sat Jul 14 17:35:15 EDT 2012 Restarted ReadTEDNative
Sat Jul 14 17:35:48 EDT 2012 Restarted ReadTEDNative
Sat Jul 14 17:36:21 EDT 2012 Restarted ReadTEDNative
Sat Jul 14 17:36:54 EDT 2012 Restarted ReadTEDNative
Sat Jul 14 17:37:27 EDT 2012 Restarted ReadTEDNative
Sat Jul 14 17:38:00 EDT 2012 Restarted ReadTEDNative
Sat Jul 14 17:38:33 EDT 2012 Restarted ReadTEDNative
Sat Jul 14 17:39:06 EDT 2012 Restarted ReadTEDNative
Sat Jul 14 17:39:40 EDT 2012 Restarted ReadTEDNative
Sat Jul 14 17:40:13 EDT 2012 Restarted ReadTEDNative
Sat Jul 14 17:40:46 EDT 2012 Restarted ReadTEDNative
Sat Jul 14 17:41:19 EDT 2012 Restarted ReadTEDNative
Sat Jul 14 17:41:52 EDT 2012 Restarted ReadTEDNative
Sat Jul 14 17:42:25 EDT 2012 Restarted ReadTEDNative
Sat Jul 14 17:42:58 EDT 2012 Restarted ReadTEDNative
Sat Jul 14 17:43:31 EDT 2012 Restarted ReadTEDNative
Sat Jul 14 17:44:04 EDT 2012 Restarted ReadTEDNative
Sat Jul 14 17:44:37 EDT 2012 Restarted ReadTEDNative
Sat Jul 14 17:45:10 EDT 2012 Restarted ReadTEDNative
Sat Jul 14 17:45:43 EDT 2012 Restarted ReadTEDNative
Sat Jul 14 17:46:16 EDT 2012 Restarted ReadTEDNative
Sat Jul 14 17:46:49 EDT 2012 Restarted ReadTEDNative
Sat Jul 14 17:47:22 EDT 2012 Restarted ReadTEDNative
Sat Jul 14 17:47:55 EDT 2012 Restarted ReadTEDNative
Sat Jul 14 17:48:28 EDT 2012 Restarted ReadTEDNative
Sat Jul 14 17:49:01 EDT 2012 Restarted ReadTEDNative
Sat Jul 14 17:49:34 EDT 2012 Restarted ReadTEDNative
Sat Jul 14 17:50:08 EDT 2012 Restarted ReadTEDNative
Sat Jul 14 17:50:41 EDT 2012 Restarted ReadTEDNative
Sat Jul 14 17:51:14 EDT 2012 Restarted ReadTEDNative
Sat Jul 14 17:51:47 EDT 2012 Restarted ReadTEDNative
Sat Jul 14 17:52:20 EDT 2012 Restarted ReadTEDNative
Sat Jul 14 17:52:53 EDT 2012 Restarted ReadTEDNative
Sat Jul 14 17:53:26 EDT 2012 Restarted ReadTEDNative
Sat Jul 14 17:53:59 EDT 2012 Restarted ReadTEDNative
Sat Jul 14 17:54:32 EDT 2012 Restarted ReadTEDNative
Sat Jul 14 17:55:05 EDT 2012 Restarted ReadTEDNative
Sat Jul 14 17:55:38 EDT 2012 Restarted ReadTEDNative
Sat Jul 14 17:56:11 EDT 2012 Restarted ReadTEDNative
Sat Jul 14 17:56:44 EDT 2012 Restarted ReadTEDNative
Sat Jul 14 17:57:17 EDT 2012 Restarted ReadTEDNative
Sat Jul 14 17:57:50 EDT 2012 Restarted ReadTEDNative
Sat Jul 14 17:58:23 EDT 2012 Restarted ReadTEDNative
Sat Jul 14 17:58:56 EDT 2012 Restarted ReadTEDNative
Sat Jul 14 17:59:29 EDT 2012 Restarted ReadTEDNative
Sat Jul 14 18:00:02 EDT 2012 Restarted ReadTEDNative
Sat Jul 14 18:00:36 EDT 2012 Restarted ReadTEDNative
Sat Jul 14 18:01:09 EDT 2012 Restarted ReadTEDNative
Sat Jul 14 18:01:42 EDT 2012 Restarted ReadTEDNative
Sat Jul 14 18:02:15 EDT 2012 Restarted ReadTEDNative
Sat Jul 14 18:02:48 EDT 2012 Restarted ReadTEDNative
Sat Jul 14 18:03:21 EDT 2012 Restarted ReadTEDNative
Sat Jul 14 18:03:54 EDT 2012 Restarted ReadTEDNative
Sun Jul 15 01:26:59 EDT 2012 Restarted ReadTEDNative
Tue Jul 17 08:34:15 EDT 2012 Restarted ReadTEDNative
Tue Jul 17 08:34:48 EDT 2012 Restarted ReadTEDNative
Tue Jul 17 08:35:21 EDT 2012 Restarted ReadTEDNative
Tue Jul 17 08:35:54 EDT 2012 Restarted ReadTEDNative
Tue Jul 17 08:36:27 EDT 2012 Restarted ReadTEDNative
Tue Jul 17 08:37:00 EDT 2012 Restarted ReadTEDNative
Tue Jul 17 08:37:33 EDT 2012 Restarted ReadTEDNative
Tue Jul 17 08:38:06 EDT 2012 Restarted ReadTEDNative
Tue Jul 17 08:38:39 EDT 2012 Restarted ReadTEDNative
Tue Jul 17 08:39:12 EDT 2012 Restarted ReadTEDNative
Tue Jul 17 08:39:45 EDT 2012 Restarted ReadTEDNative
Tue Jul 17 08:40:18 EDT 2012 Restarted ReadTEDNative
Tue Jul 17 08:40:52 EDT 2012 Restarted ReadTEDNative
Tue Jul 17 08:41:25 EDT 2012 Restarted ReadTEDNative
Tue Jul 17 08:41:58 EDT 2012 Restarted ReadTEDNative
Tue Jul 17 08:42:31 EDT 2012 Restarted ReadTEDNative
Tue Jul 17 08:43:04 EDT 2012 Restarted ReadTEDNative
Tue Jul 17 08:43:37 EDT 2012 Restarted ReadTEDNative
Tue Jul 17 08:44:10 EDT 2012 Restarted ReadTEDNative
Tue Jul 17 08:44:43 EDT 2012 Restarted ReadTEDNative
Tue Jul 17 08:45:16 EDT 2012 Restarted ReadTEDNative
Tue Jul 17 08:45:49 EDT 2012 Restarted ReadTEDNative
Tue Jul 17 08:46:22 EDT 2012 Restarted ReadTEDNative
Tue Jul 17 08:46:55 EDT 2012 Restarted ReadTEDNative
Tue Jul 17 08:47:28 EDT 2012 Restarted ReadTEDNative
Tue Jul 17 08:48:01 EDT 2012 Restarted ReadTEDNative
Tue Jul 17 08:48:34 EDT 2012 Restarted ReadTEDNative
Tue Jul 17 08:49:07 EDT 2012 Restarted ReadTEDNative
Tue Jul 17 08:49:40 EDT 2012 Restarted ReadTEDNative
Tue Jul 17 08:50:13 EDT 2012 Restarted ReadTEDNative
Tue Jul 17 08:50:46 EDT 2012 Restarted ReadTEDNative
Tue Jul 17 08:51:20 EDT 2012 Restarted ReadTEDNative
Tue Jul 17 08:51:53 EDT 2012 Restarted ReadTEDNative
Tue Jul 17 08:52:26 EDT 2012 Restarted ReadTEDNative
Tue Jul 17 08:52:59 EDT 2012 Restarted ReadTEDNative
Tue Jul 17 08:53:32 EDT 2012 Restarted ReadTEDNative
Tue Jul 17 08:54:05 EDT 2012 Restarted ReadTEDNative
Tue Jul 17 08:54:38 EDT 2012 Restarted ReadTEDNative
Tue Jul 17 08:55:11 EDT 2012 Restarted ReadTEDNative
Tue Jul 17 08:55:44 EDT 2012 Restarted ReadTEDNative
Tue Jul 17 08:56:17 EDT 2012 Restarted ReadTEDNative
Tue Jul 17 08:56:50 EDT 2012 Restarted ReadTEDNative
Tue Jul 17 08:57:23 EDT 2012 Restarted ReadTEDNative
Tue Jul 17 08:57:56 EDT 2012 Restarted ReadTEDNative
Tue Jul 17 08:58:29 EDT 2012 Restarted ReadTEDNative
Tue Jul 17 08:59:02 EDT 2012 Restarted ReadTEDNative
Tue Jul 17 08:59:35 EDT 2012 Restarted ReadTEDNative
Tue Jul 17 09:00:08 EDT 2012 Restarted ReadTEDNative
Tue Jul 17 09:00:41 EDT 2012 Restarted ReadTEDNative
Tue Jul 17 09:01:14 EDT 2012 Restarted ReadTEDNative
Tue Jul 17 09:01:47 EDT 2012 Restarted ReadTEDNative
Tue Jul 17 09:02:21 EDT 2012 Restarted ReadTEDNative
Tue Jul 17 09:02:54 EDT 2012 Restarted ReadTEDNative
Tue Jul 17 09:03:27 EDT 2012 Restarted ReadTEDNative
Tue Jul 17 09:04:00 EDT 2012 Restarted ReadTEDNative
Tue Jul 17 09:04:33 EDT 2012 Restarted ReadTEDNative
Tue Jul 17 09:05:06 EDT 2012 Restarted ReadTEDNative
Tue Jul 17 09:05:39 EDT 2012 Restarted ReadTEDNative
Tue Jul 17 09:06:12 EDT 2012 Restarted ReadTEDNative
Tue Jul 17 09:06:45 EDT 2012 Restarted ReadTEDNative
Tue Jul 17 09:07:18 EDT 2012 Restarted ReadTEDNative
Tue Jul 17 09:07:51 EDT 2012 Restarted ReadTEDNative
Tue Jul 17 09:08:24 EDT 2012 Restarted ReadTEDNative
Tue Jul 17 09:08:57 EDT 2012 Restarted ReadTEDNative
Tue Jul 17 09:09:30 EDT 2012 Restarted ReadTEDNative
Tue Jul 17 09:10:03 EDT 2012 Restarted ReadTEDNative
Tue Jul 17 09:10:36 EDT 2012 Restarted ReadTEDNative
Tue Jul 17 09:11:09 EDT 2012 Restarted ReadTEDNative
Tue Jul 17 09:11:42 EDT 2012 Restarted ReadTEDNative
Tue Jul 17 09:12:15 EDT 2012 Restarted ReadTEDNative
Tue Jul 17 09:12:48 EDT 2012 Restarted ReadTEDNative
Tue Jul 17 09:13:22 EDT 2012 Restarted ReadTEDNative
Tue Jul 17 09:13:55 EDT 2012 Restarted ReadTEDNative
Tue Jul 17 09:14:28 EDT 2012 Restarted ReadTEDNative
Tue Jul 17 18:53:12 EDT 2012 Restarted ReadTEDNative
Mon Aug 13 08:14:57 EDT 2012 Restarted ReadTEDNative
Mon Aug 13 08:15:30 EDT 2012 Restarted ReadTEDNative
Mon Aug 13 08:16:03 EDT 2012 Restarted ReadTEDNative
Mon Aug 13 08:16:36 EDT 2012 Restarted ReadTEDNative
Mon Aug 13 08:17:09 EDT 2012 Restarted ReadTEDNative
Mon Aug 13 08:17:42 EDT 2012 Restarted ReadTEDNative
Mon Aug 13 08:18:15 EDT 2012 Restarted ReadTEDNative
Mon Aug 13 08:18:48 EDT 2012 Restarted ReadTEDNative
Mon Aug 13 08:19:21 EDT 2012 Restarted ReadTEDNative
Mon Aug 13 08:19:54 EDT 2012 Restarted ReadTEDNative
Mon Aug 13 08:20:27 EDT 2012 Restarted ReadTEDNative
Mon Aug 13 08:21:01 EDT 2012 Restarted ReadTEDNative
Mon Aug 13 08:21:34 EDT 2012 Restarted ReadTEDNative
Mon Aug 13 08:22:07 EDT 2012 Restarted ReadTEDNative
Mon Aug 13 08:22:40 EDT 2012 Restarted ReadTEDNative
Mon Aug 13 08:23:13 EDT 2012 Restarted ReadTEDNative
Mon Aug 13 08:23:46 EDT 2012 Restarted ReadTEDNative
Mon Aug 13 08:24:19 EDT 2012 Restarted ReadTEDNative
Mon Aug 13 08:24:52 EDT 2012 Restarted ReadTEDNative
Mon Aug 13 08:25:25 EDT 2012 Restarted ReadTEDNative
Mon Aug 13 17:11:31 EDT 2012 Restarted ReadTEDNative
Mon Aug 13 17:12:04 EDT 2012 Restarted ReadTEDNative
Mon Aug 13 17:12:37 EDT 2012 Restarted ReadTEDNative
Mon Aug 13 17:13:10 EDT 2012 Restarted ReadTEDNative
Mon Aug 13 17:13:43 EDT 2012 Restarted ReadTEDNative
Mon Aug 13 17:14:16 EDT 2012 Restarted ReadTEDNative
Mon Aug 13 17:14:49 EDT 2012 Restarted ReadTEDNative
Mon Aug 13 17:15:22 EDT 2012 Restarted ReadTEDNative
Mon Aug 13 17:15:55 EDT 2012 Restarted ReadTEDNative
Mon Nov 12 23:40:33 EST 2012 Restarted ReadTEDNative
Sat Nov 17 08:31:33 EST 2012 Restarted ReadTEDNative
Sat Nov 17 08:32:06 EST 2012 Restarted ReadTEDNative
Sat Nov 17 08:32:39 EST 2012 Restarted ReadTEDNative
Sat Nov 17 08:33:12 EST 2012 Restarted ReadTEDNative
Sat Nov 17 08:33:45 EST 2012 Restarted ReadTEDNative
Sat Nov 17 08:34:18 EST 2012 Restarted ReadTEDNative
Sat Nov 17 08:34:51 EST 2012 Restarted ReadTEDNative
Sat Nov 17 08:35:24 EST 2012 Restarted ReadTEDNative
Sat Nov 17 08:35:57 EST 2012 Restarted ReadTEDNative
Sat Nov 17 08:36:30 EST 2012 Restarted ReadTEDNative
Sat Nov 17 08:37:03 EST 2012 Restarted ReadTEDNative
Sat Nov 17 08:37:36 EST 2012 Restarted ReadTEDNative
Sat Nov 17 08:38:09 EST 2012 Restarted ReadTEDNative
Sat Nov 17 08:38:42 EST 2012 Restarted ReadTEDNative
Sat Nov 17 08:39:15 EST 2012 Restarted ReadTEDNative
Sat Nov 17 08:39:49 EST 2012 Restarted ReadTEDNative
Sat Nov 17 08:40:22 EST 2012 Restarted ReadTEDNative
Sat Nov 17 08:40:55 EST 2012 Restarted ReadTEDNative
Sat Nov 17 08:41:28 EST 2012 Restarted ReadTEDNative
Sat Nov 17 08:42:01 EST 2012 Restarted ReadTEDNative
Sat Nov 17 08:42:34 EST 2012 Restarted ReadTEDNative
Sat Nov 17 08:43:07 EST 2012 Restarted ReadTEDNative
Sat Nov 17 08:43:40 EST 2012 Restarted ReadTEDNative
Sat Nov 17 08:44:13 EST 2012 Restarted ReadTEDNative
Sat Nov 17 08:44:46 EST 2012 Restarted ReadTEDNative
Sat Nov 17 08:45:19 EST 2012 Restarted ReadTEDNative
Sat Nov 17 08:45:52 EST 2012 Restarted ReadTEDNative
Sat Nov 17 08:46:25 EST 2012 Restarted ReadTEDNative
Sat Nov 17 08:46:58 EST 2012 Restarted ReadTEDNative
Sat Nov 17 08:47:31 EST 2012 Restarted ReadTEDNative
Sat Nov 17 08:48:04 EST 2012 Restarted ReadTEDNative
Sat Nov 17 08:48:37 EST 2012 Restarted ReadTEDNative
Sat Nov 17 08:49:10 EST 2012 Restarted ReadTEDNative
Sat Nov 17 08:49:43 EST 2012 Restarted ReadTEDNative
Sat Nov 17 08:50:17 EST 2012 Restarted ReadTEDNative
Sat Nov 17 08:50:50 EST 2012 Restarted ReadTEDNative
Sat Nov 17 08:51:23 EST 2012 Restarted ReadTEDNative
Sat Nov 17 08:51:56 EST 2012 Restarted ReadTEDNative
Sat Nov 17 08:52:29 EST 2012 Restarted ReadTEDNative
Sat Nov 17 08:53:02 EST 2012 Restarted ReadTEDNative
Sat Nov 17 08:53:35 EST 2012 Restarted ReadTEDNative
Sat Nov 17 08:54:08 EST 2012 Restarted ReadTEDNative
Sat Nov 17 08:54:41 EST 2012 Restarted ReadTEDNative
Sat Nov 17 08:55:14 EST 2012 Restarted ReadTEDNative
Sat Nov 17 08:55:47 EST 2012 Restarted ReadTEDNative
Sat Nov 17 08:56:20 EST 2012 Restarted ReadTEDNative
Sat Nov 17 08:56:53 EST 2012 Restarted ReadTEDNative
Sat Nov 17 08:57:26 EST 2012 Restarted ReadTEDNative
Sat Nov 17 08:57:59 EST 2012 Restarted ReadTEDNative
Sat Nov 17 08:58:32 EST 2012 Restarted ReadTEDNative
Sat Nov 17 08:59:05 EST 2012 Restarted ReadTEDNative
Sat Nov 17 08:59:38 EST 2012 Restarted ReadTEDNative
Sat Nov 17 09:00:11 EST 2012 Restarted ReadTEDNative
Sat Nov 17 09:00:45 EST 2012 Restarted ReadTEDNative
Sat Nov 17 09:01:18 EST 2012 Restarted ReadTEDNative
Sat Nov 17 09:01:51 EST 2012 Restarted ReadTEDNative
Sat Nov 17 09:02:24 EST 2012 Restarted ReadTEDNative
Sat Nov 17 09:02:57 EST 2012 Restarted ReadTEDNative
Sat Nov 17 09:03:30 EST 2012 Restarted ReadTEDNative
Sat Nov 17 09:04:03 EST 2012 Restarted ReadTEDNative
Sat Nov 17 09:04:36 EST 2012 Restarted ReadTEDNative
Sat Nov 17 09:05:09 EST 2012 Restarted ReadTEDNative
Sat Nov 17 09:05:42 EST 2012 Restarted ReadTEDNative
Sat Nov 17 09:06:15 EST 2012 Restarted ReadTEDNative
Sat Nov 17 09:06:48 EST 2012 Restarted ReadTEDNative
Sat Nov 17 09:07:21 EST 2012 Restarted ReadTEDNative
Sat Nov 17 09:07:54 EST 2012 Restarted ReadTEDNative
Sat Nov 17 09:08:27 EST 2012 Restarted ReadTEDNative
Sat Nov 17 09:09:00 EST 2012 Restarted ReadTEDNative
Sat Nov 17 09:09:33 EST 2012 Restarted ReadTEDNative
Sat Nov 17 09:10:06 EST 2012 Restarted ReadTEDNative
Sat Nov 17 09:10:39 EST 2012 Restarted ReadTEDNative
Sat Nov 17 09:11:12 EST 2012 Restarted ReadTEDNative
Sat Nov 17 09:11:46 EST 2012 Restarted ReadTEDNative
Sat Nov 17 09:12:19 EST 2012 Restarted ReadTEDNative
Sat Nov 17 09:12:52 EST 2012 Restarted ReadTEDNative
Sat Nov 17 09:13:25 EST 2012 Restarted ReadTEDNative
Sat Nov 17 09:13:58 EST 2012 Restarted ReadTEDNative
Sat Nov 17 09:14:31 EST 2012 Restarted ReadTEDNative
Sat Nov 17 09:15:04 EST 2012 Restarted ReadTEDNative
Sat Nov 17 09:15:37 EST 2012 Restarted ReadTEDNative
Sat Nov 17 09:16:10 EST 2012 Restarted ReadTEDNative
Sat Nov 17 09:16:43 EST 2012 Restarted ReadTEDNative
Sat Nov 17 15:22:11 EST 2012 Restarted ReadTEDNative
Wed Feb 27 17:49:09 EST 2013 Restarted ReadTEDNative
Wed Feb 27 17:49:59 EST 2013 Restarted ReadTEDNative
Wed Feb 27 17:50:32 EST 2013 Restarted ReadTEDNative
Wed Feb 27 17:51:05 EST 2013 Restarted ReadTEDNative
Wed Feb 27 17:51:38 EST 2013 Restarted ReadTEDNative
Wed Feb 27 17:52:11 EST 2013 Restarted ReadTEDNative
Wed Feb 27 17:52:44 EST 2013 Restarted ReadTEDNative
Wed Feb 27 17:53:17 EST 2013 Restarted ReadTEDNative
Wed Feb 27 17:53:50 EST 2013 Restarted ReadTEDNative
Wed Feb 27 17:54:23 EST 2013 Restarted ReadTEDNative
Wed Feb 27 17:54:56 EST 2013 Restarted ReadTEDNative
Wed Feb 27 17:55:29 EST 2013 Restarted ReadTEDNative
Wed Feb 27 17:56:02 EST 2013 Restarted ReadTEDNative
Wed Feb 27 17:56:35 EST 2013 Restarted ReadTEDNative
Wed Feb 27 17:57:08 EST 2013 Restarted ReadTEDNative
Wed Feb 27 17:57:41 EST 2013 Restarted ReadTEDNative
Wed Feb 27 17:58:14 EST 2013 Restarted ReadTEDNative
Wed Feb 27 17:58:47 EST 2013 Restarted ReadTEDNative
Wed Feb 27 17:59:20 EST 2013 Restarted ReadTEDNative
Wed Feb 27 17:59:54 EST 2013 Restarted ReadTEDNative
Wed Feb 27 18:00:27 EST 2013 Restarted ReadTEDNative
Wed Feb 27 18:01:00 EST 2013 Restarted ReadTEDNative
Wed Feb 27 18:01:33 EST 2013 Restarted ReadTEDNative
Wed Feb 27 18:02:06 EST 2013 Restarted ReadTEDNative
Wed Feb 27 18:02:39 EST 2013 Restarted ReadTEDNative
Wed Feb 27 18:03:12 EST 2013 Restarted ReadTEDNative
Wed Feb 27 18:03:45 EST 2013 Restarted ReadTEDNative
Wed Feb 27 18:04:18 EST 2013 Restarted ReadTEDNative
Wed Feb 27 18:04:51 EST 2013 Restarted ReadTEDNative
Wed Feb 27 18:05:24 EST 2013 Restarted ReadTEDNative
Wed Feb 27 18:05:57 EST 2013 Restarted ReadTEDNative
Wed Feb 27 18:06:30 EST 2013 Restarted ReadTEDNative
Wed Feb 27 18:07:03 EST 2013 Restarted ReadTEDNative
Wed Feb 27 18:07:36 EST 2013 Restarted ReadTEDNative
Wed Feb 27 18:08:09 EST 2013 Restarted ReadTEDNative
Wed Feb 27 18:08:42 EST 2013 Restarted ReadTEDNative
Wed Feb 27 18:09:15 EST 2013 Restarted ReadTEDNative
Wed Feb 27 18:09:48 EST 2013 Restarted ReadTEDNative
Wed Feb 27 18:10:22 EST 2013 Restarted ReadTEDNative
Wed Feb 27 18:10:55 EST 2013 Restarted ReadTEDNative
Wed Feb 27 18:11:28 EST 2013 Restarted ReadTEDNative
Wed Feb 27 18:12:01 EST 2013 Restarted ReadTEDNative
Wed Feb 27 18:12:34 EST 2013 Restarted ReadTEDNative
Wed Feb 27 18:13:07 EST 2013 Restarted ReadTEDNative
Wed Feb 27 18:13:40 EST 2013 Restarted ReadTEDNative
Wed Feb 27 18:14:13 EST 2013 Restarted ReadTEDNative
Wed Feb 27 18:14:46 EST 2013 Restarted ReadTEDNative
Wed Feb 27 18:15:19 EST 2013 Restarted ReadTEDNative
Wed Feb 27 18:15:52 EST 2013 Restarted ReadTEDNative
Wed Feb 27 18:16:25 EST 2013 Restarted ReadTEDNative
Wed Feb 27 18:16:58 EST 2013 Restarted ReadTEDNative
Wed Feb 27 18:17:31 EST 2013 Restarted ReadTEDNative
Wed Feb 27 18:18:04 EST 2013 Restarted ReadTEDNative
Wed Feb 27 18:18:37 EST 2013 Restarted ReadTEDNative
Wed Feb 27 18:19:10 EST 2013 Restarted ReadTEDNative
Wed Feb 27 18:19:43 EST 2013 Restarted ReadTEDNative
Wed Feb 27 18:20:16 EST 2013 Restarted ReadTEDNative
Wed Feb 27 18:20:49 EST 2013 Restarted ReadTEDNative
Wed Feb 27 18:21:23 EST 2013 Restarted ReadTEDNative
Wed Feb 27 18:21:56 EST 2013 Restarted ReadTEDNative
Wed Feb 27 18:22:29 EST 2013 Restarted ReadTEDNative
Wed Feb 27 22:00:28 EST 2013 Restarted ReadTEDNative
Wed Feb 27 22:00:32 EST 2013 Restarted ReadTEDNative
Wed Feb 27 22:00:35 EST 2013 Restarted ReadTEDNative
Wed Feb 27 22:00:38 EST 2013 Restarted ReadTEDNative
Wed Feb 27 22:00:41 EST 2013 Restarted ReadTEDNative
Wed Feb 27 22:00:47 EST 2013 Restarted ReadTEDNative
Wed Feb 27 22:00:50 EST 2013 Restarted ReadTEDNative
Wed Feb 27 22:00:53 EST 2013 Restarted ReadTEDNative
Wed Feb 27 22:00:56 EST 2013 Restarted ReadTEDNative
Wed Feb 27 22:00:59 EST 2013 Restarted ReadTEDNative
Wed Feb 27 22:01:02 EST 2013 Restarted ReadTEDNative
Wed Feb 27 22:01:05 EST 2013 Restarted ReadTEDNative
Wed Feb 27 22:01:08 EST 2013 Restarted ReadTEDNative
Wed Feb 27 22:10:02 EST 2013 Restarted ReadTEDNative
Wed Jun 5 07:43:23 EDT 2013 Restarted ReadTEDNative
Thu Jun 13 08:45:46 EDT 2013 Restarted ReadTEDNative
Thu Jun 13 08:46:19 EDT 2013 Restarted ReadTEDNative
Thu Jun 13 08:46:52 EDT 2013 Restarted ReadTEDNative
Thu Jun 13 08:47:25 EDT 2013 Restarted ReadTEDNative
Thu Jun 13 08:47:58 EDT 2013 Restarted ReadTEDNative
Thu Jun 13 08:48:31 EDT 2013 Restarted ReadTEDNative
Thu Jun 13 08:49:04 EDT 2013 Restarted ReadTEDNative
Thu Jun 13 08:49:37 EDT 2013 Restarted ReadTEDNative
Thu Jun 13 08:50:10 EDT 2013 Restarted ReadTEDNative
Thu Jun 13 08:50:43 EDT 2013 Restarted ReadTEDNative
Thu Jun 13 08:51:16 EDT 2013 Restarted ReadTEDNative
Thu Jun 13 08:51:49 EDT 2013 Restarted ReadTEDNative
Thu Jun 13 08:52:22 EDT 2013 Restarted ReadTEDNative
Thu Jun 13 08:52:55 EDT 2013 Restarted ReadTEDNative
Thu Jun 13 08:53:28 EDT 2013 Restarted ReadTEDNative
Thu Jun 13 08:54:02 EDT 2013 Restarted ReadTEDNative
Thu Jun 13 08:54:35 EDT 2013 Restarted ReadTEDNative
Thu Jun 13 08:55:08 EDT 2013 Restarted ReadTEDNative
Thu Jun 13 08:55:41 EDT 2013 Restarted ReadTEDNative
Thu Jun 13 08:56:14 EDT 2013 Restarted ReadTEDNative
Thu Jun 13 08:56:47 EDT 2013 Restarted ReadTEDNative
Thu Jun 13 08:57:20 EDT 2013 Restarted ReadTEDNative
Thu Jun 13 08:57:53 EDT 2013 Restarted ReadTEDNative
Thu Jun 13 08:58:26 EDT 2013 Restarted ReadTEDNative
Thu Jun 13 08:58:59 EDT 2013 Restarted ReadTEDNative
Thu Jun 13 08:59:32 EDT 2013 Restarted ReadTEDNative
Thu Jun 13 09:00:05 EDT 2013 Restarted ReadTEDNative
Thu Jun 13 09:00:38 EDT 2013 Restarted ReadTEDNative
Thu Jun 13 09:01:11 EDT 2013 Restarted ReadTEDNative
Thu Jun 13 09:01:44 EDT 2013 Restarted ReadTEDNative
Thu Jun 13 09:02:17 EDT 2013 Restarted ReadTEDNative
Thu Jun 13 09:02:50 EDT 2013 Restarted ReadTEDNative
Thu Jun 13 09:03:23 EDT 2013 Restarted ReadTEDNative
Thu Jun 13 09:03:56 EDT 2013 Restarted ReadTEDNative
Thu Jun 13 09:04:29 EDT 2013 Restarted ReadTEDNative
Thu Jun 13 09:05:03 EDT 2013 Restarted ReadTEDNative
Thu Jun 13 09:05:36 EDT 2013 Restarted ReadTEDNative
Thu Jun 13 09:06:09 EDT 2013 Restarted ReadTEDNative
Thu Jun 13 09:06:42 EDT 2013 Restarted ReadTEDNative
Thu Jun 13 09:07:15 EDT 2013 Restarted ReadTEDNative
Thu Jun 13 09:07:48 EDT 2013 Restarted ReadTEDNative
Fri Jun 14 03:54:05 EDT 2013 Restarted ReadTEDNative
Wed Jun 26 05:56:41 EDT 2013 Restarted ReadTEDNative
Wed Jun 26 05:57:14 EDT 2013 Restarted ReadTEDNative
Wed Jun 26 05:57:47 EDT 2013 Restarted ReadTEDNative
Wed Jun 26 05:58:20 EDT 2013 Restarted ReadTEDNative
Wed Jun 26 05:58:53 EDT 2013 Restarted ReadTEDNative
Wed Jun 26 05:59:26 EDT 2013 Restarted ReadTEDNative
Wed Jun 26 05:59:59 EDT 2013 Restarted ReadTEDNative
Wed Jun 26 06:00:32 EDT 2013 Restarted ReadTEDNative
Wed Jun 26 06:01:05 EDT 2013 Restarted ReadTEDNative
Wed Jun 26 06:01:38 EDT 2013 Restarted ReadTEDNative
Wed Jun 26 06:02:11 EDT 2013 Restarted ReadTEDNative
Wed Jun 26 06:02:44 EDT 2013 Restarted ReadTEDNative
Wed Jun 26 06:03:17 EDT 2013 Restarted ReadTEDNative
Wed Jun 26 06:03:50 EDT 2013 Restarted ReadTEDNative
Wed Jun 26 06:04:23 EDT 2013 Restarted ReadTEDNative
Wed Jun 26 06:04:57 EDT 2013 Restarted ReadTEDNative
Wed Jun 26 06:05:30 EDT 2013 Restarted ReadTEDNative
Wed Jun 26 06:06:03 EDT 2013 Restarted ReadTEDNative
Wed Jun 26 06:06:36 EDT 2013 Restarted ReadTEDNative
Wed Jun 26 06:07:09 EDT 2013 Restarted ReadTEDNative
Wed Jun 26 06:07:42 EDT 2013 Restarted ReadTEDNative
Wed Jun 26 06:08:15 EDT 2013 Restarted ReadTEDNative
Wed Jun 26 06:08:48 EDT 2013 Restarted ReadTEDNative
Wed Jun 26 06:09:21 EDT 2013 Restarted ReadTEDNative
Wed Jun 26 06:09:54 EDT 2013 Restarted ReadTEDNative
Wed Jun 26 06:10:27 EDT 2013 Restarted ReadTEDNative
Wed Jun 26 06:11:00 EDT 2013 Restarted ReadTEDNative
Wed Jun 26 06:11:33 EDT 2013 Restarted ReadTEDNative
Wed Jun 26 06:12:06 EDT 2013 Restarted ReadTEDNative
Wed Jun 26 06:12:39 EDT 2013 Restarted ReadTEDNative
Wed Jun 26 06:13:12 EDT 2013 Restarted ReadTEDNative
Wed Jun 26 06:13:45 EDT 2013 Restarted ReadTEDNative
Wed Jun 26 06:14:18 EDT 2013 Restarted ReadTEDNative
Wed Jun 26 06:14:51 EDT 2013 Restarted ReadTEDNative
Wed Jun 26 06:15:24 EDT 2013 Restarted ReadTEDNative
Wed Jun 26 06:15:58 EDT 2013 Restarted ReadTEDNative
Wed Jun 26 06:16:31 EDT 2013 Restarted ReadTEDNative
Wed Jun 26 06:17:04 EDT 2013 Restarted ReadTEDNative
Wed Jun 26 06:17:37 EDT 2013 Restarted ReadTEDNative
Wed Jun 26 06:18:10 EDT 2013 Restarted ReadTEDNative
Wed Jun 26 06:18:43 EDT 2013 Restarted ReadTEDNative
Wed Jun 26 06:19:16 EDT 2013 Restarted ReadTEDNative
Wed Jun 26 06:19:49 EDT 2013 Restarted ReadTEDNative
Wed Jun 26 06:20:22 EDT 2013 Restarted ReadTEDNative
Wed Jun 26 06:20:55 EDT 2013 Restarted ReadTEDNative
Wed Jun 26 06:21:28 EDT 2013 Restarted ReadTEDNative
Wed Jun 26 06:22:01 EDT 2013 Restarted ReadTEDNative
Wed Jun 26 06:22:34 EDT 2013 Restarted ReadTEDNative
Wed Jun 26 06:23:07 EDT 2013 Restarted ReadTEDNative
Wed Jun 26 06:23:40 EDT 2013 Restarted ReadTEDNative
Wed Jun 26 06:24:13 EDT 2013 Restarted ReadTEDNative
Wed Jun 26 06:24:46 EDT 2013 Restarted ReadTEDNative
Wed Jun 26 06:25:19 EDT 2013 Restarted ReadTEDNative
Wed Jun 26 06:25:52 EDT 2013 Restarted ReadTEDNative
Wed Jun 26 06:26:25 EDT 2013 Restarted ReadTEDNative
Wed Jun 26 06:26:59 EDT 2013 Restarted ReadTEDNative
Wed Jun 26 06:27:32 EDT 2013 Restarted ReadTEDNative
Wed Jun 26 06:28:05 EDT 2013 Restarted ReadTEDNative
Wed Jun 26 06:28:38 EDT 2013 Restarted ReadTEDNative
Wed Jun 26 06:29:11 EDT 2013 Restarted ReadTEDNative
Wed Jun 26 06:29:44 EDT 2013 Restarted ReadTEDNative
Wed Jun 26 06:30:17 EDT 2013 Restarted ReadTEDNative
Wed Jun 26 06:30:50 EDT 2013 Restarted ReadTEDNative
Wed Jun 26 06:31:23 EDT 2013 Restarted ReadTEDNative
Wed Jun 26 06:31:56 EDT 2013 Restarted ReadTEDNative
Wed Jun 26 06:32:29 EDT 2013 Restarted ReadTEDNative
Wed Jun 26 09:22:33 EDT 2013 Restarted ReadTEDNative
Wed Jun 26 09:26:51 EDT 2013 Restarted ReadTEDNative
Fri Jul 12 09:04:34 EDT 2013 Restarted ReadTEDNative
Tue Aug 13 15:41:43 EDT 2013 Restarted ReadTEDNative
Tue Aug 13 15:41:47 EDT 2013 Restarted ReadTEDNative
Tue Aug 13 15:41:50 EDT 2013 Restarted ReadTEDNative
Tue Aug 13 15:41:53 EDT 2013 Restarted ReadTEDNative
Tue Aug 13 15:41:56 EDT 2013 Restarted ReadTEDNative
Tue Aug 13 15:41:59 EDT 2013 Restarted ReadTEDNative
Tue Aug 13 15:42:03 EDT 2013 Restarted ReadTEDNative
Tue Aug 13 15:42:06 EDT 2013 Restarted ReadTEDNative
Tue Aug 13 15:42:09 EDT 2013 Restarted ReadTEDNative
Tue Aug 13 15:53:46 EDT 2013 Restarted ReadTEDNative
Sat Aug 31 08:29:40 EDT 2013 Restarted ReadTEDNative
Thu Sep 12 05:15:02 EDT 2013 Restarted ReadTEDNative
Thu Sep 12 09:31:28 EDT 2013 Restarted ReadTEDNative
Thu Sep 19 09:56:55 EDT 2013 Restarted ReadTEDNative
Thu Sep 19 09:57:28 EDT 2013 Restarted ReadTEDNative
Thu Sep 19 09:58:01 EDT 2013 Restarted ReadTEDNative
Thu Sep 19 09:58:34 EDT 2013 Restarted ReadTEDNative
Thu Sep 19 09:59:07 EDT 2013 Restarted ReadTEDNative
Thu Sep 19 09:59:40 EDT 2013 Restarted ReadTEDNative
Thu Sep 19 10:00:13 EDT 2013 Restarted ReadTEDNative
Thu Sep 19 10:00:46 EDT 2013 Restarted ReadTEDNative
Thu Sep 19 10:01:19 EDT 2013 Restarted ReadTEDNative
Thu Sep 19 10:01:52 EDT 2013 Restarted ReadTEDNative
Thu Sep 19 10:02:25 EDT 2013 Restarted ReadTEDNative
Thu Sep 19 10:02:58 EDT 2013 Restarted ReadTEDNative
Thu Sep 19 10:03:31 EDT 2013 Restarted ReadTEDNative
Thu Sep 19 10:04:04 EDT 2013 Restarted ReadTEDNative
Thu Sep 19 10:04:37 EDT 2013 Restarted ReadTEDNative
Thu Sep 19 10:05:11 EDT 2013 Restarted ReadTEDNative
Thu Sep 19 10:05:44 EDT 2013 Restarted ReadTEDNative
Thu Sep 19 10:06:17 EDT 2013 Restarted ReadTEDNative
Thu Sep 19 10:06:50 EDT 2013 Restarted ReadTEDNative
Thu Sep 19 10:07:23 EDT 2013 Restarted ReadTEDNative
Thu Sep 19 10:07:56 EDT 2013 Restarted ReadTEDNative
Thu Sep 19 10:08:29 EDT 2013 Restarted ReadTEDNative
Thu Sep 19 10:09:02 EDT 2013 Restarted ReadTEDNative
Thu Sep 19 10:09:35 EDT 2013 Restarted ReadTEDNative
Thu Sep 19 10:10:08 EDT 2013 Restarted ReadTEDNative
Thu Sep 19 10:10:41 EDT 2013 Restarted ReadTEDNative
Thu Sep 19 10:11:14 EDT 2013 Restarted ReadTEDNative
Thu Sep 19 10:11:47 EDT 2013 Restarted ReadTEDNative
Thu Sep 19 10:12:20 EDT 2013 Restarted ReadTEDNative
Thu Sep 19 10:12:53 EDT 2013 Restarted ReadTEDNative
Thu Sep 19 10:13:26 EDT 2013 Restarted ReadTEDNative
Thu Sep 19 10:13:59 EDT 2013 Restarted ReadTEDNative
Thu Sep 19 10:14:32 EDT 2013 Restarted ReadTEDNative
Thu Sep 19 10:15:05 EDT 2013 Restarted ReadTEDNative
Thu Sep 19 10:15:39 EDT 2013 Restarted ReadTEDNative
Thu Sep 19 10:16:12 EDT 2013 Restarted ReadTEDNative
Thu Sep 19 10:16:45 EDT 2013 Restarted ReadTEDNative
Thu Sep 19 10:17:18 EDT 2013 Restarted ReadTEDNative
Thu Sep 19 10:17:51 EDT 2013 Restarted ReadTEDNative
Thu Sep 19 10:18:24 EDT 2013 Restarted ReadTEDNative
Thu Sep 19 10:18:57 EDT 2013 Restarted ReadTEDNative
Thu Sep 19 10:19:30 EDT 2013 Restarted ReadTEDNative
Thu Sep 19 10:20:03 EDT 2013 Restarted ReadTEDNative
Thu Sep 19 23:05:26 EDT 2013 Restarted ReadTEDNative
Thu Sep 19 23:08:21 EDT 2013 Restarted ReadTEDNative
Tue Oct 1 08:44:58 EDT 2013 Restarted ReadTEDNative
Tue Oct 1 08:45:31 EDT 2013 Restarted ReadTEDNative
Tue Oct 1 08:46:04 EDT 2013 Restarted ReadTEDNative
Tue Oct 1 08:46:37 EDT 2013 Restarted ReadTEDNative
Tue Oct 1 08:47:10 EDT 2013 Restarted ReadTEDNative
Tue Oct 1 08:47:43 EDT 2013 Restarted ReadTEDNative
Tue Oct 1 08:48:16 EDT 2013 Restarted ReadTEDNative
Tue Oct 1 08:48:49 EDT 2013 Restarted ReadTEDNative
Tue Oct 1 08:49:22 EDT 2013 Restarted ReadTEDNative
Tue Oct 1 08:49:55 EDT 2013 Restarted ReadTEDNative
Tue Oct 1 08:50:28 EDT 2013 Restarted ReadTEDNative
Tue Oct 1 08:51:01 EDT 2013 Restarted ReadTEDNative
Tue Oct 1 08:51:34 EDT 2013 Restarted ReadTEDNative
Tue Oct 1 08:52:08 EDT 2013 Restarted ReadTEDNative
Tue Oct 1 08:52:41 EDT 2013 Restarted ReadTEDNative
Tue Oct 1 08:53:14 EDT 2013 Restarted ReadTEDNative
Tue Oct 1 08:53:47 EDT 2013 Restarted ReadTEDNative
Tue Oct 1 08:54:20 EDT 2013 Restarted ReadTEDNative
Tue Oct 1 08:54:53 EDT 2013 Restarted ReadTEDNative
Tue Oct 1 08:55:26 EDT 2013 Restarted ReadTEDNative
Tue Oct 1 08:55:59 EDT 2013 Restarted ReadTEDNative
Tue Oct 1 08:56:32 EDT 2013 Restarted ReadTEDNative
Tue Oct 1 08:57:05 EDT 2013 Restarted ReadTEDNative
Tue Oct 1 08:57:38 EDT 2013 Restarted ReadTEDNative
Tue Oct 1 08:58:11 EDT 2013 Restarted ReadTEDNative
Tue Oct 1 08:58:44 EDT 2013 Restarted ReadTEDNative
Tue Oct 1 08:59:17 EDT 2013 Restarted ReadTEDNative
Tue Oct 1 08:59:50 EDT 2013 Restarted ReadTEDNative
Tue Oct 1 09:00:23 EDT 2013 Restarted ReadTEDNative
Tue Oct 1 09:00:56 EDT 2013 Restarted ReadTEDNative
Tue Oct 1 09:01:29 EDT 2013 Restarted ReadTEDNative
Tue Oct 1 09:02:02 EDT 2013 Restarted ReadTEDNative
Tue Oct 1 09:02:35 EDT 2013 Restarted ReadTEDNative
Tue Oct 1 09:03:09 EDT 2013 Restarted ReadTEDNative
Tue Oct 1 09:03:42 EDT 2013 Restarted ReadTEDNative
Tue Oct 1 09:04:15 EDT 2013 Restarted ReadTEDNative
Tue Oct 1 09:04:48 EDT 2013 Restarted ReadTEDNative
Tue Oct 1 09:05:21 EDT 2013 Restarted ReadTEDNative
Tue Oct 1 09:05:54 EDT 2013 Restarted ReadTEDNative
Tue Oct 1 09:06:27 EDT 2013 Restarted ReadTEDNative
Tue Oct 1 09:07:00 EDT 2013 Restarted ReadTEDNative
Tue Oct 1 09:07:33 EDT 2013 Restarted ReadTEDNative
Tue Oct 1 09:08:06 EDT 2013 Restarted ReadTEDNative
Tue Oct 1 09:08:39 EDT 2013 Restarted ReadTEDNative
Tue Oct 1 09:09:12 EDT 2013 Restarted ReadTEDNative
Tue Oct 1 09:09:45 EDT 2013 Restarted ReadTEDNative
Tue Oct 1 09:10:18 EDT 2013 Restarted ReadTEDNative
Tue Oct 1 09:10:51 EDT 2013 Restarted ReadTEDNative
Tue Oct 1 09:11:24 EDT 2013 Restarted ReadTEDNative
Tue Oct 1 09:11:57 EDT 2013 Restarted ReadTEDNative
Tue Oct 1 09:12:30 EDT 2013 Restarted ReadTEDNative
Tue Oct 1 09:13:03 EDT 2013 Restarted ReadTEDNative
Tue Oct 1 09:13:37 EDT 2013 Restarted ReadTEDNative
Tue Oct 1 09:14:10 EDT 2013 Restarted ReadTEDNative
Tue Oct 1 22:19:40 EDT 2013 Restarted ReadTEDNative
Fri Oct 18 09:53:52 EDT 2013 Restarted ReadTEDNative
Fri Oct 18 09:54:25 EDT 2013 Restarted ReadTEDNative
Fri Oct 18 09:54:58 EDT 2013 Restarted ReadTEDNative
Fri Oct 18 09:55:31 EDT 2013 Restarted ReadTEDNative
Fri Oct 18 09:56:04 EDT 2013 Restarted ReadTEDNative
Fri Oct 18 09:56:37 EDT 2013 Restarted ReadTEDNative
Fri Oct 18 09:57:10 EDT 2013 Restarted ReadTEDNative
Fri Oct 18 09:57:43 EDT 2013 Restarted ReadTEDNative
Fri Oct 18 09:58:16 EDT 2013 Restarted ReadTEDNative
Fri Oct 18 09:58:49 EDT 2013 Restarted ReadTEDNative
Fri Oct 18 09:59:22 EDT 2013 Restarted ReadTEDNative
Fri Oct 18 09:59:55 EDT 2013 Restarted ReadTEDNative
Fri Oct 18 10:00:29 EDT 2013 Restarted ReadTEDNative
Fri Oct 18 10:01:02 EDT 2013 Restarted ReadTEDNative
Fri Oct 18 10:01:35 EDT 2013 Restarted ReadTEDNative
Fri Oct 18 10:02:08 EDT 2013 Restarted ReadTEDNative
Fri Oct 18 10:02:41 EDT 2013 Restarted ReadTEDNative
Fri Oct 18 10:03:14 EDT 2013 Restarted ReadTEDNative
Fri Oct 18 10:03:47 EDT 2013 Restarted ReadTEDNative
Fri Oct 18 10:04:20 EDT 2013 Restarted ReadTEDNative
Fri Oct 18 10:04:53 EDT 2013 Restarted ReadTEDNative
Fri Oct 18 10:05:26 EDT 2013 Restarted ReadTEDNative
Fri Oct 18 10:05:59 EDT 2013 Restarted ReadTEDNative
Fri Oct 18 10:06:32 EDT 2013 Restarted ReadTEDNative
Fri Oct 18 10:07:05 EDT 2013 Restarted ReadTEDNative
Fri Oct 18 10:07:38 EDT 2013 Restarted ReadTEDNative
Fri Oct 18 10:08:11 EDT 2013 Restarted ReadTEDNative
Fri Oct 18 10:08:44 EDT 2013 Restarted ReadTEDNative
Fri Oct 18 10:09:17 EDT 2013 Restarted ReadTEDNative
Fri Oct 18 10:09:50 EDT 2013 Restarted ReadTEDNative
Fri Oct 18 10:10:23 EDT 2013 Restarted ReadTEDNative
Fri Oct 18 10:10:56 EDT 2013 Restarted ReadTEDNative
Fri Oct 18 10:11:30 EDT 2013 Restarted ReadTEDNative
Fri Oct 18 10:12:03 EDT 2013 Restarted ReadTEDNative
Fri Oct 18 10:12:36 EDT 2013 Restarted ReadTEDNative
Fri Oct 18 10:13:09 EDT 2013 Restarted ReadTEDNative
Fri Oct 18 10:13:42 EDT 2013 Restarted ReadTEDNative
Fri Oct 18 10:14:15 EDT 2013 Restarted ReadTEDNative
Fri Oct 18 10:14:48 EDT 2013 Restarted ReadTEDNative
Fri Oct 18 10:15:21 EDT 2013 Restarted ReadTEDNative
Fri Oct 18 10:15:54 EDT 2013 Restarted ReadTEDNative
Fri Oct 18 10:16:27 EDT 2013 Restarted ReadTEDNative
Fri Oct 18 10:17:00 EDT 2013 Restarted ReadTEDNative
Fri Oct 18 10:17:33 EDT 2013 Restarted ReadTEDNative
Fri Oct 18 10:18:06 EDT 2013 Restarted ReadTEDNative
Fri Oct 18 10:18:39 EDT 2013 Restarted ReadTEDNative
Fri Oct 18 10:19:12 EDT 2013 Restarted ReadTEDNative
Fri Oct 18 10:19:45 EDT 2013 Restarted ReadTEDNative
Fri Oct 18 10:20:18 EDT 2013 Restarted ReadTEDNative
Fri Oct 18 10:20:51 EDT 2013 Restarted ReadTEDNative
Fri Oct 18 10:21:24 EDT 2013 Restarted ReadTEDNative
Fri Oct 18 10:21:57 EDT 2013 Restarted ReadTEDNative
Fri Oct 18 10:22:31 EDT 2013 Restarted ReadTEDNative
Fri Oct 18 10:23:04 EDT 2013 Restarted ReadTEDNative
Fri Oct 18 10:23:37 EDT 2013 Restarted ReadTEDNative
Fri Oct 18 10:24:10 EDT 2013 Restarted ReadTEDNative
Fri Oct 18 10:24:43 EDT 2013 Restarted ReadTEDNative
Fri Oct 18 10:25:16 EDT 2013 Restarted ReadTEDNative
Fri Oct 18 10:25:49 EDT 2013 Restarted ReadTEDNative
Fri Oct 18 10:26:22 EDT 2013 Restarted ReadTEDNative
Fri Oct 18 10:26:55 EDT 2013 Restarted ReadTEDNative
Fri Oct 18 11:53:25 EDT 2013 Restarted ReadTEDNative
Fri Oct 18 11:58:38 EDT 2013 Restarted ReadTEDNative
Fri Oct 18 12:06:12 EDT 2013 Restarted ReadTEDNative
Sat Jan 18 08:42:59 EST 2014 Restarted ReadTEDNative
Sat Jan 18 08:43:32 EST 2014 Restarted ReadTEDNative
Sat Jan 18 08:44:05 EST 2014 Restarted ReadTEDNative
Sat Jan 18 08:44:38 EST 2014 Restarted ReadTEDNative
Sat Jan 18 08:45:11 EST 2014 Restarted ReadTEDNative
Sat Jan 18 08:45:44 EST 2014 Restarted ReadTEDNative
Sat Jan 18 08:46:17 EST 2014 Restarted ReadTEDNative
Sat Jan 18 10:41:51 EST 2014 Restarted ReadTEDNative
Wed Feb 19 08:58:52 EST 2014 Restarted ReadTEDNative
Wed Feb 19 08:59:25 EST 2014 Restarted ReadTEDNative
Wed Feb 19 08:59:58 EST 2014 Restarted ReadTEDNative
Wed Feb 19 09:00:31 EST 2014 Restarted ReadTEDNative
Wed Feb 19 09:01:04 EST 2014 Restarted ReadTEDNative
Wed Feb 19 20:44:17 EST 2014 Restarted ReadTEDNative
Tue Apr 22 19:00:49 EDT 2014 Restarted ReadTEDNative
Fri May 16 07:21:36 EDT 2014 Restarted ReadTEDNative
Fri May 16 07:22:09 EDT 2014 Restarted ReadTEDNative
Fri May 16 07:22:42 EDT 2014 Restarted ReadTEDNative
Fri May 16 07:23:15 EDT 2014 Restarted ReadTEDNative
Fri May 16 07:23:48 EDT 2014 Restarted ReadTEDNative
Fri May 16 07:24:21 EDT 2014 Restarted ReadTEDNative
Fri May 16 07:24:54 EDT 2014 Restarted ReadTEDNative
Fri May 16 07:25:27 EDT 2014 Restarted ReadTEDNative
Fri May 16 07:26:00 EDT 2014 Restarted ReadTEDNative
Fri May 16 07:26:33 EDT 2014 Restarted ReadTEDNative
Fri May 16 07:27:06 EDT 2014 Restarted ReadTEDNative
Fri May 16 07:27:39 EDT 2014 Restarted ReadTEDNative
Fri May 16 07:28:12 EDT 2014 Restarted ReadTEDNative
Fri May 16 07:28:45 EDT 2014 Restarted ReadTEDNative
Fri May 16 07:29:18 EDT 2014 Restarted ReadTEDNative
Fri May 16 07:29:51 EDT 2014 Restarted ReadTEDNative
Fri May 16 07:30:24 EDT 2014 Restarted ReadTEDNative
Fri May 16 07:30:57 EDT 2014 Restarted ReadTEDNative
Fri May 16 07:31:31 EDT 2014 Restarted ReadTEDNative
Fri May 16 07:32:04 EDT 2014 Restarted ReadTEDNative
Fri May 16 07:32:37 EDT 2014 Restarted ReadTEDNative
Fri May 16 07:33:10 EDT 2014 Restarted ReadTEDNative
Fri May 16 07:33:43 EDT 2014 Restarted ReadTEDNative
Fri May 16 07:34:16 EDT 2014 Restarted ReadTEDNative
Fri May 16 07:34:49 EDT 2014 Restarted ReadTEDNative
Fri May 16 07:35:22 EDT 2014 Restarted ReadTEDNative
Fri May 16 07:35:55 EDT 2014 Restarted ReadTEDNative
Fri May 16 07:36:28 EDT 2014 Restarted ReadTEDNative
Fri May 16 07:37:01 EDT 2014 Restarted ReadTEDNative
Fri May 16 07:37:34 EDT 2014 Restarted ReadTEDNative
Fri May 16 07:38:07 EDT 2014 Restarted ReadTEDNative
Fri May 16 07:38:40 EDT 2014 Restarted ReadTEDNative
Fri May 16 07:39:13 EDT 2014 Restarted ReadTEDNative
Fri May 16 07:39:46 EDT 2014 Restarted ReadTEDNative
Fri May 16 07:40:19 EDT 2014 Restarted ReadTEDNative
Fri May 16 07:40:52 EDT 2014 Restarted ReadTEDNative
Fri May 16 07:41:25 EDT 2014 Restarted ReadTEDNative
Fri May 16 07:41:58 EDT 2014 Restarted ReadTEDNative
Fri May 16 07:42:32 EDT 2014 Restarted ReadTEDNative
Fri May 16 07:43:05 EDT 2014 Restarted ReadTEDNative
Fri May 16 07:43:38 EDT 2014 Restarted ReadTEDNative
Fri May 16 23:46:18 EDT 2014 Restarted ReadTEDNative
Sun May 18 08:18:10 EDT 2014 Restarted ReadTEDNative
Sun May 18 08:18:43 EDT 2014 Restarted ReadTEDNative
Sun May 18 08:19:16 EDT 2014 Restarted ReadTEDNative
Sun May 18 08:19:49 EDT 2014 Restarted ReadTEDNative
Sun May 18 08:20:22 EDT 2014 Restarted ReadTEDNative
Sun May 18 08:20:55 EDT 2014 Restarted ReadTEDNative
Sun May 18 08:21:28 EDT 2014 Restarted ReadTEDNative
Sun May 18 08:22:01 EDT 2014 Restarted ReadTEDNative
Sun May 18 08:22:34 EDT 2014 Restarted ReadTEDNative
Sun May 18 08:23:07 EDT 2014 Restarted ReadTEDNative
Sun May 18 08:23:40 EDT 2014 Restarted ReadTEDNative
Sun May 18 08:24:13 EDT 2014 Restarted ReadTEDNative
Sun May 18 08:24:46 EDT 2014 Restarted ReadTEDNative
Sun May 18 08:25:19 EDT 2014 Restarted ReadTEDNative
Sun May 18 16:20:46 EDT 2014 Restarted ReadTEDNative
Sun May 18 17:02:40 EDT 2014 Restarted ReadTEDNative
Sun May 18 17:09:14 EDT 2014 Restarted ReadTEDNative
Sun May 18 17:42:37 EDT 2014 Restarted ReadTEDNative
Mon May 26 12:51:29 EDT 2014 Restarted ReadTEDNative
Thu Jul 17 08:35:27 EDT 2014 Restarted ReadTEDNative
Thu Jul 17 08:36:00 EDT 2014 Restarted ReadTEDNative
Thu Jul 17 08:36:33 EDT 2014 Restarted ReadTEDNative
Thu Jul 17 08:37:06 EDT 2014 Restarted ReadTEDNative
Thu Jul 17 08:37:39 EDT 2014 Restarted ReadTEDNative
Thu Jul 17 08:38:12 EDT 2014 Restarted ReadTEDNative
Thu Jul 17 08:38:45 EDT 2014 Restarted ReadTEDNative
Thu Jul 17 08:39:18 EDT 2014 Restarted ReadTEDNative
Thu Jul 17 08:39:51 EDT 2014 Restarted ReadTEDNative
Thu Jul 17 08:40:24 EDT 2014 Restarted ReadTEDNative
Thu Jul 17 08:40:57 EDT 2014 Restarted ReadTEDNative
Thu Jul 17 08:41:30 EDT 2014 Restarted ReadTEDNative
Thu Jul 17 08:42:03 EDT 2014 Restarted ReadTEDNative
Thu Jul 17 08:42:36 EDT 2014 Restarted ReadTEDNative
Thu Jul 17 08:43:09 EDT 2014 Restarted ReadTEDNative
Thu Jul 17 08:43:42 EDT 2014 Restarted ReadTEDNative
Thu Jul 17 08:44:15 EDT 2014 Restarted ReadTEDNative
Thu Jul 17 08:44:48 EDT 2014 Restarted ReadTEDNative
Thu Jul 17 08:45:22 EDT 2014 Restarted ReadTEDNative
Thu Jul 17 08:45:55 EDT 2014 Restarted ReadTEDNative
Thu Jul 17 08:46:28 EDT 2014 Restarted ReadTEDNative
Thu Jul 17 08:47:01 EDT 2014 Restarted ReadTEDNative
Thu Jul 17 08:47:34 EDT 2014 Restarted ReadTEDNative
Thu Jul 17 08:48:07 EDT 2014 Restarted ReadTEDNative
Thu Jul 17 08:48:40 EDT 2014 Restarted ReadTEDNative
Thu Jul 17 08:49:13 EDT 2014 Restarted ReadTEDNative
Thu Jul 17 08:49:46 EDT 2014 Restarted ReadTEDNative
Thu Jul 17 08:50:19 EDT 2014 Restarted ReadTEDNative
Thu Jul 17 12:44:46 EDT 2014 Restarted ReadTEDNative
Tue Aug 5 03:23:05 EDT 2014 Restarted ReadTEDNative
Tue Aug 5 23:49:19 EDT 2014 Restarted ReadTEDNative
Tue Aug 5 23:50:20 EDT 2014 Restarted ReadTEDNative
Wed Aug 6 00:04:31 EDT 2014 Restarted ReadTEDNative
Wed Aug 6 00:13:42 EDT 2014 Restarted ReadTEDNative
Thu Aug 14 11:11:22 EDT 2014 Restarted ReadTEDNative
Fri Aug 15 00:22:05 EDT 2014 Restarted ReadTEDNative
Fri Aug 15 00:22:38 EDT 2014 Restarted ReadTEDNative
Fri Aug 15 00:23:11 EDT 2014 Restarted ReadTEDNative
Fri Aug 15 01:09:35 EDT 2014 Restarted ReadTEDNative
Sat Aug 16 03:54:39 EDT 2014 Restarted ReadTEDNative
Sat Aug 16 03:54:42 EDT 2014 Restarted ReadTEDNative
Sat Aug 16 03:54:45 EDT 2014 Restarted ReadTEDNative
Sat Aug 16 03:57:14 EDT 2014 Restarted ReadTEDNative
